2020-03-03 00:09:45,755 INFO (StartupInfoLogger.java:48)- Starting PotatoApplication on LAPTOP-E91ODHAO with PID 15520 (D:\java\work\sts\potato\potato-web\target\classes started by ghw in D:\java\work\sts\potato\potato-web)
2020-03-03 00:09:45,771 INFO (SpringApplication.java:593)- No active profile set, falling back to default profiles: default
2020-03-03 00:09:54,655 INFO (StartupInfoLogger.java:57)- Started PotatoApplication in 9.165 seconds (JVM running for 9.794)
2020-03-03 00:10:00,240 INFO (ErrorController.java:59)- 500,6
java.lang.ArrayIndexOutOfBoundsException: 6
	at com.potato.service.impl.TaskServiceImpl.myTask(TaskServiceImpl.java:70)
	at com.potato.service.impl.TaskServiceImpl$$FastClassBySpringCGLIB$$f08e77d5.invoke(<generated>)
	at org.springframework.cglib.proxy.MethodProxy.invoke(MethodProxy.java:204)
	at org.springframework.aop.framework.CglibAopProxy$CglibMethodInvocation.invokeJoinpoint(CglibAopProxy.java:738)
	at org.springframework.aop.framework.ReflectiveMethodInvocation.proceed(ReflectiveMethodInvocation.java:157)
	at org.springframework.transaction.interceptor.TransactionInterceptor$1.proceedWithInvocation(TransactionInterceptor.java:99)
	at org.springframework.transaction.interceptor.TransactionAspectSupport.invokeWithinTransaction(TransactionAspectSupport.java:282)
	at org.springframework.transaction.interceptor.TransactionInterceptor.invoke(TransactionInterceptor.java:96)
	at org.springframework.aop.framework.ReflectiveMethodInvocation.proceed(ReflectiveMethodInvocation.java:179)
	at org.springframework.aop.framework.CglibAopProxy$DynamicAdvisedInterceptor.intercept(CglibAopProxy.java:673)
	at com.potato.service.impl.TaskServiceImpl$$EnhancerBySpringCGLIB$$20411a2c.myTask(<generated>)
	at com.potato.service.impl.TaskServiceImpl$$FastClassBySpringCGLIB$$f08e77d5.invoke(<generated>)
	at org.springframework.cglib.proxy.MethodProxy.invoke(MethodProxy.java:204)
	at org.springframework.aop.framework.CglibAopProxy$CglibMethodInvocation.invokeJoinpoint(CglibAopProxy.java:738)
	at org.springframework.aop.framework.ReflectiveMethodInvocation.proceed(ReflectiveMethodInvocation.java:157)
	at org.springframework.transaction.interceptor.TransactionInterceptor$1.proceedWithInvocation(TransactionInterceptor.java:99)
	at org.springframework.transaction.interceptor.TransactionAspectSupport.invokeWithinTransaction(TransactionAspectSupport.java:282)
	at org.springframework.transaction.interceptor.TransactionInterceptor.invoke(TransactionInterceptor.java:96)
	at org.springframework.aop.framework.ReflectiveMethodInvocation.proceed(ReflectiveMethodInvocation.java:179)
	at org.springframework.aop.framework.CglibAopProxy$DynamicAdvisedInterceptor.intercept(CglibAopProxy.java:673)
	at com.potato.service.impl.TaskServiceImpl$$EnhancerBySpringCGLIB$$bd671ef8.myTask(<generated>)
	at com.potato.web.controller.TaskController.myTaskList(TaskController.java:125)
	at sun.reflect.NativeMethodAccessorImpl.invoke0(Native Method)
	at sun.reflect.NativeMethodAccessorImpl.invoke(NativeMethodAccessorImpl.java:62)
	at sun.reflect.DelegatingMethodAccessorImpl.invoke(DelegatingMethodAccessorImpl.java:43)
	at java.lang.reflect.Method.invoke(Method.java:498)
	at org.springframework.web.method.support.InvocableHandlerMethod.doInvoke(InvocableHandlerMethod.java:205)
	at org.springframework.web.method.support.InvocableHandlerMethod.invokeForRequest(InvocableHandlerMethod.java:133)
	at org.springframework.web.servlet.mvc.method.annotation.ServletInvocableHandlerMethod.invokeAndHandle(ServletInvocableHandlerMethod.java:97)
	at org.springframework.web.servlet.mvc.method.annotation.RequestMappingHandlerAdapter.invokeHandlerMethod(RequestMappingHandlerAdapter.java:827)
	at org.springframework.web.servlet.mvc.method.annotation.RequestMappingHandlerAdapter.handleInternal(RequestMappingHandlerAdapter.java:738)
	at org.springframework.web.servlet.mvc.method.AbstractHandlerMethodAdapter.handle(AbstractHandlerMethodAdapter.java:85)
	at org.springframework.web.servlet.DispatcherServlet.doDispatch(DispatcherServlet.java:967)
	at org.springframework.web.servlet.DispatcherServlet.doService(DispatcherServlet.java:901)
	at org.springframework.web.servlet.FrameworkServlet.processRequest(FrameworkServlet.java:970)
	at org.springframework.web.servlet.FrameworkServlet.doGet(FrameworkServlet.java:861)
	at javax.servlet.http.HttpServlet.service(HttpServlet.java:635)
	at org.springframework.web.servlet.FrameworkServlet.service(FrameworkServlet.java:846)
	at javax.servlet.http.HttpServlet.service(HttpServlet.java:742)
	at org.apache.catalina.core.ApplicationFilterChain.internalDoFilter(ApplicationFilterChain.java:231)
	at org.apache.catalina.core.ApplicationFilterChain.doFilter(ApplicationFilterChain.java:166)
	at org.apache.tomcat.websocket.server.WsFilter.doFilter(WsFilter.java:52)
	at org.apache.catalina.core.ApplicationFilterChain.internalDoFilter(ApplicationFilterChain.java:193)
	at org.apache.catalina.core.ApplicationFilterChain.doFilter(ApplicationFilterChain.java:166)
	at org.apache.shiro.web.servlet.ProxiedFilterChain.doFilter(ProxiedFilterChain.java:61)
	at org.apache.shiro.web.servlet.AdviceFilter.executeChain(AdviceFilter.java:108)
	at org.apache.shiro.web.servlet.AdviceFilter.doFilterInternal(AdviceFilter.java:137)
	at org.apache.shiro.web.servlet.OncePerRequestFilter.doFilter(OncePerRequestFilter.java:125)
	at org.apache.shiro.web.servlet.ProxiedFilterChain.doFilter(ProxiedFilterChain.java:66)
	at org.apache.shiro.web.servlet.AbstractShiroFilter.executeChain(AbstractShiroFilter.java:449)
	at org.apache.shiro.web.servlet.AbstractShiroFilter$1.call(AbstractShiroFilter.java:365)
	at org.apache.shiro.subject.support.SubjectCallable.doCall(SubjectCallable.java:90)
	at org.apache.shiro.subject.support.SubjectCallable.call(SubjectCallable.java:83)
	at org.apache.shiro.subject.support.DelegatingSubject.execute(DelegatingSubject.java:383)
	at org.apache.shiro.web.servlet.AbstractShiroFilter.doFilterInternal(AbstractShiroFilter.java:362)
	at org.apache.shiro.web.servlet.OncePerRequestFilter.doFilter(OncePerRequestFilter.java:125)
	at org.apache.catalina.core.ApplicationFilterChain.internalDoFilter(ApplicationFilterChain.java:193)
	at org.apache.catalina.core.ApplicationFilterChain.doFilter(ApplicationFilterChain.java:166)
	at org.springframework.web.filter.CharacterEncodingFilter.doFilterInternal(CharacterEncodingFilter.java:197)
	at org.springframework.web.filter.OncePerRequestFilter.doFilter(OncePerRequestFilter.java:107)
	at org.apache.catalina.core.ApplicationFilterChain.internalDoFilter(ApplicationFilterChain.java:193)
	at org.apache.catalina.core.ApplicationFilterChain.doFilter(ApplicationFilterChain.java:166)
	at org.apache.catalina.core.StandardWrapperValve.invoke(StandardWrapperValve.java:199)
	at org.apache.catalina.core.StandardContextValve.invoke(StandardContextValve.java:96)
	at org.apache.catalina.authenticator.AuthenticatorBase.invoke(AuthenticatorBase.java:478)
	at org.apache.catalina.core.StandardHostValve.invoke(StandardHostValve.java:140)
	at org.apache.catalina.valves.ErrorReportValve.invoke(ErrorReportValve.java:81)
	at org.apache.catalina.core.StandardEngineValve.invoke(StandardEngineValve.java:87)
	at org.apache.catalina.connector.CoyoteAdapter.service(CoyoteAdapter.java:342)
	at org.apache.coyote.http11.Http11Processor.service(Http11Processor.java:803)
	at org.apache.coyote.AbstractProcessorLight.process(AbstractProcessorLight.java:66)
	at org.apache.coyote.AbstractProtocol$ConnectionHandler.process(AbstractProtocol.java:868)
	at org.apache.tomcat.util.net.NioEndpoint$SocketProcessor.doRun(NioEndpoint.java:1459)
	at org.apache.tomcat.util.net.SocketProcessorBase.run(SocketProcessorBase.java:49)
	at java.util.concurrent.ThreadPoolExecutor.runWorker(ThreadPoolExecutor.java:1149)
	at java.util.concurrent.ThreadPoolExecutor$Worker.run(ThreadPoolExecutor.java:624)
	at org.apache.tomcat.util.threads.TaskThread$WrappingRunnable.run(TaskThread.java:61)
	at java.lang.Thread.run(Thread.java:748)
2020-03-03 00:10:24,361 INFO (StartupInfoLogger.java:48)- Starting PotatoApplication on LAPTOP-E91ODHAO with PID 15520 (D:\java\work\sts\potato\potato-web\target\classes started by ghw in D:\java\work\sts\potato\potato-web)
2020-03-03 00:10:24,361 INFO (SpringApplication.java:593)- No active profile set, falling back to default profiles: default
2020-03-03 00:10:27,800 INFO (StartupInfoLogger.java:57)- Started PotatoApplication in 3.517 seconds (JVM running for 42.929)
2020-03-03 22:05:30,187 INFO (StartupInfoLogger.java:48)- Starting PotatoApplication on LAPTOP-E91ODHAO with PID 17276 (D:\java\work\sts\potato\potato-web\target\classes started by ghw in D:\java\work\sts\potato\potato-web)
2020-03-03 22:05:30,187 INFO (SpringApplication.java:593)- No active profile set, falling back to default profiles: default
2020-03-03 22:12:11,898 INFO (StartupInfoLogger.java:48)- Starting PotatoApplication on LAPTOP-E91ODHAO with PID 8888 (D:\java\work\sts\potato\potato-web\target\classes started by ghw in D:\java\work\sts\potato\potato-web)
2020-03-03 22:12:11,898 INFO (SpringApplication.java:593)- No active profile set, falling back to default profiles: default
2020-03-03 22:13:54,789 INFO (StartupInfoLogger.java:48)- Starting PotatoApplication on LAPTOP-E91ODHAO with PID 14612 (D:\java\work\sts\potato\potato-web\target\classes started by ghw in D:\java\work\sts\potato\potato-web)
2020-03-03 22:13:54,789 INFO (SpringApplication.java:593)- No active profile set, falling back to default profiles: default
2020-03-03 22:24:04,240 INFO (StartupInfoLogger.java:48)- Starting PotatoApplication on LAPTOP-E91ODHAO with PID 11244 (D:\java\work\sts\potato\potato-web\target\classes started by ghw in D:\java\work\sts\potato\potato-web)
2020-03-03 22:24:04,255 INFO (SpringApplication.java:593)- No active profile set, falling back to default profiles: default
2020-03-03 22:28:30,360 INFO (StartupInfoLogger.java:48)- Starting PotatoApplication on LAPTOP-E91ODHAO with PID 15416 (D:\java\work\sts\potato\potato-web\target\classes started by ghw in D:\java\work\sts\potato\potato-web)
2020-03-03 22:28:30,360 INFO (SpringApplication.java:593)- No active profile set, falling back to default profiles: default
2020-03-03 22:30:46,302 INFO (StartupInfoLogger.java:48)- Starting PotatoApplication on LAPTOP-E91ODHAO with PID 16928 (D:\java\work\sts\potato\potato-web\target\classes started by ghw in D:\java\work\sts\potato\potato-web)
2020-03-03 22:30:46,302 INFO (SpringApplication.java:593)- No active profile set, falling back to default profiles: default
2020-03-03 22:31:09,944 INFO (StartupInfoLogger.java:48)- Starting PotatoApplication on LAPTOP-E91ODHAO with PID 8560 (D:\java\work\sts\potato\potato-web\target\classes started by ghw in D:\java\work\sts\potato\potato-web)
2020-03-03 22:31:09,944 INFO (SpringApplication.java:593)- No active profile set, falling back to default profiles: default
2020-03-03 22:37:27,593 INFO (StartupInfoLogger.java:48)- Starting PotatoApplication on LAPTOP-E91ODHAO with PID 8036 (D:\java\work\sts\potato\potato-web\target\classes started by ghw in D:\java\work\sts\potato\potato-web)
2020-03-03 22:37:27,604 INFO (SpringApplication.java:593)- No active profile set, falling back to default profiles: default
2020-03-03 22:43:02,634 INFO (StartupInfoLogger.java:48)- Starting PotatoApplication on LAPTOP-E91ODHAO with PID 12208 (D:\java\work\sts\potato\potato-web\target\classes started by ghw in D:\java\work\sts\potato\potato-web)
2020-03-03 22:43:02,634 INFO (SpringApplication.java:593)- No active profile set, falling back to default profiles: default
2020-03-03 22:43:46,773 INFO (StartupInfoLogger.java:48)- Starting PotatoApplication on LAPTOP-E91ODHAO with PID 7392 (D:\java\work\sts\potato\potato-web\target\classes started by ghw in D:\java\work\sts\potato\potato-web)
2020-03-03 22:43:46,773 INFO (SpringApplication.java:593)- No active profile set, falling back to default profiles: default
2020-03-03 22:44:03,435 INFO (StartupInfoLogger.java:48)- Starting PotatoApplication on LAPTOP-E91ODHAO with PID 8816 (D:\java\work\sts\potato\potato-web\target\classes started by ghw in D:\java\work\sts\potato\potato-web)
2020-03-03 22:44:03,451 INFO (SpringApplication.java:593)- No active profile set, falling back to default profiles: default
2020-03-03 22:45:55,371 INFO (StartupInfoLogger.java:48)- Starting PotatoApplication on LAPTOP-E91ODHAO with PID 17464 (D:\java\work\sts\potato\potato-web\target\classes started by ghw in D:\java\work\sts\potato\potato-web)
2020-03-03 22:45:55,371 INFO (SpringApplication.java:593)- No active profile set, falling back to default profiles: default
2020-03-03 22:48:04,076 INFO (StartupInfoLogger.java:48)- Starting PotatoApplication on LAPTOP-E91ODHAO with PID 9192 (D:\java\work\sts\potato\potato-web\target\classes started by ghw in D:\java\work\sts\potato\potato-web)
2020-03-03 22:48:04,076 INFO (SpringApplication.java:593)- No active profile set, falling back to default profiles: default
2020-03-03 22:49:31,727 INFO (StartupInfoLogger.java:48)- Starting PotatoApplication on LAPTOP-E91ODHAO with PID 9764 (D:\java\work\sts\potato\potato-web\target\classes started by ghw in D:\java\work\sts\potato\potato-web)
2020-03-03 22:49:31,743 INFO (SpringApplication.java:593)- No active profile set, falling back to default profiles: default
2020-03-03 22:56:10,467 INFO (StartupInfoLogger.java:48)- Starting PotatoApplication on LAPTOP-E91ODHAO with PID 17096 (D:\java\work\sts\potato\potato-web\target\classes started by ghw in D:\java\work\sts\potato\potato-web)
2020-03-03 22:56:10,467 INFO (SpringApplication.java:593)- No active profile set, falling back to default profiles: default
2020-03-03 22:58:02,457 INFO (StartupInfoLogger.java:48)- Starting PotatoApplication on LAPTOP-E91ODHAO with PID 16284 (D:\java\work\sts\potato\potato-web\target\classes started by ghw in D:\java\work\sts\potato\potato-web)
2020-03-03 22:58:02,457 INFO (SpringApplication.java:593)- No active profile set, falling back to default profiles: default
2020-03-03 22:58:56,487 INFO (StartupInfoLogger.java:48)- Starting PotatoApplication on LAPTOP-E91ODHAO with PID 8888 (D:\java\work\sts\potato\potato-web\target\classes started by ghw in D:\java\work\sts\potato\potato-web)
2020-03-03 22:58:56,487 INFO (SpringApplication.java:593)- No active profile set, falling back to default profiles: default
2020-03-03 23:02:45,915 INFO (StartupInfoLogger.java:48)- Starting PotatoApplication on LAPTOP-E91ODHAO with PID 240 (D:\java\work\sts\potato\potato-web\target\classes started by ghw in D:\java\work\sts\potato\potato-web)
2020-03-03 23:02:45,931 INFO (SpringApplication.java:593)- No active profile set, falling back to default profiles: default
2020-03-03 23:04:15,825 INFO (StartupInfoLogger.java:48)- Starting PotatoApplication on LAPTOP-E91ODHAO with PID 15292 (D:\java\work\sts\potato\potato-web\target\classes started by ghw in D:\java\work\sts\potato\potato-web)
2020-03-03 23:04:15,825 INFO (SpringApplication.java:593)- No active profile set, falling back to default profiles: default
2020-03-03 23:05:56,437 INFO (StartupInfoLogger.java:48)- Starting PotatoApplication on LAPTOP-E91ODHAO with PID 18100 (D:\java\work\sts\potato\potato-web\target\classes started by ghw in D:\java\work\sts\potato\potato-web)
2020-03-03 23:05:56,437 INFO (SpringApplication.java:593)- No active profile set, falling back to default profiles: default
2020-03-03 23:12:07,320 INFO (StartupInfoLogger.java:48)- Starting PotatoApplication on LAPTOP-E91ODHAO with PID 5296 (D:\java\work\sts\potato\potato-web\target\classes started by ghw in D:\java\work\sts\potato\potato-web)
2020-03-03 23:12:07,335 INFO (SpringApplication.java:593)- No active profile set, falling back to default profiles: default
2020-03-03 23:12:38,327 INFO (StartupInfoLogger.java:48)- Starting PotatoApplication on LAPTOP-E91ODHAO with PID 1284 (D:\java\work\sts\potato\potato-web\target\classes started by ghw in D:\java\work\sts\potato\potato-web)
2020-03-03 23:12:38,327 INFO (SpringApplication.java:593)- No active profile set, falling back to default profiles: default
2020-03-03 23:17:59,537 INFO (StartupInfoLogger.java:48)- Starting PotatoApplication on LAPTOP-E91ODHAO with PID 17496 (D:\java\work\sts\potato\potato-web\target\classes started by ghw in D:\java\work\sts\potato\potato-web)
2020-03-03 23:17:59,537 INFO (SpringApplication.java:593)- No active profile set, falling back to default profiles: default
2020-03-03 23:20:43,547 INFO (StartupInfoLogger.java:48)- Starting PotatoApplication on LAPTOP-E91ODHAO with PID 15096 (D:\java\work\sts\potato\potato-web\target\classes started by ghw in D:\java\work\sts\potato\potato-web)
2020-03-03 23:20:43,562 INFO (SpringApplication.java:593)- No active profile set, falling back to default profiles: default
2020-03-03 23:22:49,288 INFO (StartupInfoLogger.java:48)- Starting PotatoApplication on LAPTOP-E91ODHAO with PID 14420 (D:\java\work\sts\potato\potato-web\target\classes started by ghw in D:\java\work\sts\potato\potato-web)
2020-03-03 23:22:49,304 INFO (SpringApplication.java:593)- No active profile set, falling back to default profiles: default
2020-03-03 23:22:59,202 INFO (StartupInfoLogger.java:57)- Started PotatoApplication in 10.18 seconds (JVM running for 10.833)
2020-03-03 23:23:13,817 INFO (ErrorController.java:59)- 404,No message available
2020-03-03 23:23:17,520 INFO (ErrorController.java:59)- 404,No message available
2020-03-03 23:32:18,235 INFO (StartupInfoLogger.java:48)- Starting PotatoApplication on LAPTOP-E91ODHAO with PID 3228 (D:\java\work\sts\potato\potato-web\target\classes started by ghw in D:\java\work\sts\potato\potato-web)
2020-03-03 23:32:18,235 INFO (SpringApplication.java:593)- No active profile set, falling back to default profiles: default
2020-03-03 23:32:55,801 INFO (StartupInfoLogger.java:48)- Starting PotatoApplication on LAPTOP-E91ODHAO with PID 15240 (D:\java\work\sts\potato\potato-web\target\classes started by ghw in D:\java\work\sts\potato\potato-web)
2020-03-03 23:32:55,816 INFO (SpringApplication.java:593)- No active profile set, falling back to default profiles: default
2020-03-03 23:33:05,516 INFO (StartupInfoLogger.java:57)- Started PotatoApplication in 9.997 seconds (JVM running for 10.633)
2020-03-03 23:37:19,622 INFO (StartupInfoLogger.java:48)- Starting PotatoApplication on LAPTOP-E91ODHAO with PID 9604 (D:\java\work\sts\potato\potato-web\target\classes started by ghw in D:\java\work\sts\potato\potato-web)
2020-03-03 23:37:19,622 INFO (SpringApplication.java:593)- No active profile set, falling back to default profiles: default
2020-03-03 23:37:29,430 INFO (StartupInfoLogger.java:57)- Started PotatoApplication in 10.105 seconds (JVM running for 10.759)
2020-03-03 23:38:01,198 INFO (ErrorController.java:59)- 500,SQL Script Error:>>11:38:01:变量未定义(VAR_NOT_DEFINED):哈哈 位于305行 资源:sTask.myTaskList
org.beetl.sql.core.BeetlSQLException: SQL Script Error:>>11:38:01:变量未定义(VAR_NOT_DEFINED):哈哈 位于305行 资源:sTask.myTaskList
	at org.beetl.sql.core.engine.BeetlSQLTemplateExceptionHandler.processExcption(BeetlSQLTemplateExceptionHandler.java:79)
	at org.beetl.core.Template.renderTo(Template.java:170)
	at org.beetl.core.Template.renderTo(Template.java:91)
	at org.beetl.core.Template.render(Template.java:79)
	at org.beetl.sql.core.SQLScript.run(SQLScript.java:90)
	at org.beetl.sql.core.SQLScript.run(SQLScript.java:64)
	at org.beetl.sql.core.SQLScript.select(SQLScript.java:326)
	at org.beetl.sql.core.SQLManager.select(SQLManager.java:485)
	at org.beetl.sql.core.SQLManager.select(SQLManager.java:471)
	at org.beetl.sql.core.mapper.SelectMapperInvoke.call(SelectMapperInvoke.java:29)
	at org.beetl.sql.core.mapper.MapperJavaProxy.invoke(MapperJavaProxy.java:210)
	at org.beetl.sql.core.mapper.MapperJava8Proxy.invoke(MapperJava8Proxy.java:92)
	at com.sun.proxy.$Proxy93.myTaskList(Unknown Source)
	at com.potato.service.impl.TaskServiceImpl.myTask(TaskServiceImpl.java:71)
	at com.potato.service.impl.TaskServiceImpl$$FastClassBySpringCGLIB$$f08e77d5.invoke(<generated>)
	at org.springframework.cglib.proxy.MethodProxy.invoke(MethodProxy.java:204)
	at org.springframework.aop.framework.CglibAopProxy$CglibMethodInvocation.invokeJoinpoint(CglibAopProxy.java:738)
	at org.springframework.aop.framework.ReflectiveMethodInvocation.proceed(ReflectiveMethodInvocation.java:157)
	at org.springframework.transaction.interceptor.TransactionInterceptor$1.proceedWithInvocation(TransactionInterceptor.java:99)
	at org.springframework.transaction.interceptor.TransactionAspectSupport.invokeWithinTransaction(TransactionAspectSupport.java:282)
	at org.springframework.transaction.interceptor.TransactionInterceptor.invoke(TransactionInterceptor.java:96)
	at org.springframework.aop.framework.ReflectiveMethodInvocation.proceed(ReflectiveMethodInvocation.java:179)
	at org.springframework.aop.framework.CglibAopProxy$DynamicAdvisedInterceptor.intercept(CglibAopProxy.java:673)
	at com.potato.service.impl.TaskServiceImpl$$EnhancerBySpringCGLIB$$edc63924.myTask(<generated>)
	at com.potato.service.impl.TaskServiceImpl$$FastClassBySpringCGLIB$$f08e77d5.invoke(<generated>)
	at org.springframework.cglib.proxy.MethodProxy.invoke(MethodProxy.java:204)
	at org.springframework.aop.framework.CglibAopProxy$CglibMethodInvocation.invokeJoinpoint(CglibAopProxy.java:738)
	at org.springframework.aop.framework.ReflectiveMethodInvocation.proceed(ReflectiveMethodInvocation.java:157)
	at org.springframework.transaction.interceptor.TransactionInterceptor$1.proceedWithInvocation(TransactionInterceptor.java:99)
	at org.springframework.transaction.interceptor.TransactionAspectSupport.invokeWithinTransaction(TransactionAspectSupport.java:282)
	at org.springframework.transaction.interceptor.TransactionInterceptor.invoke(TransactionInterceptor.java:96)
	at org.springframework.aop.framework.ReflectiveMethodInvocation.proceed(ReflectiveMethodInvocation.java:179)
	at org.springframework.aop.framework.CglibAopProxy$DynamicAdvisedInterceptor.intercept(CglibAopProxy.java:673)
	at com.potato.service.impl.TaskServiceImpl$$EnhancerBySpringCGLIB$$8aec3df0.myTask(<generated>)
	at com.potato.web.controller.TaskController.myTaskList(TaskController.java:125)
	at sun.reflect.NativeMethodAccessorImpl.invoke0(Native Method)
	at sun.reflect.NativeMethodAccessorImpl.invoke(NativeMethodAccessorImpl.java:62)
	at sun.reflect.DelegatingMethodAccessorImpl.invoke(DelegatingMethodAccessorImpl.java:43)
	at java.lang.reflect.Method.invoke(Method.java:498)
	at org.springframework.web.method.support.InvocableHandlerMethod.doInvoke(InvocableHandlerMethod.java:205)
	at org.springframework.web.method.support.InvocableHandlerMethod.invokeForRequest(InvocableHandlerMethod.java:133)
	at org.springframework.web.servlet.mvc.method.annotation.ServletInvocableHandlerMethod.invokeAndHandle(ServletInvocableHandlerMethod.java:97)
	at org.springframework.web.servlet.mvc.method.annotation.RequestMappingHandlerAdapter.invokeHandlerMethod(RequestMappingHandlerAdapter.java:827)
	at org.springframework.web.servlet.mvc.method.annotation.RequestMappingHandlerAdapter.handleInternal(RequestMappingHandlerAdapter.java:738)
	at org.springframework.web.servlet.mvc.method.AbstractHandlerMethodAdapter.handle(AbstractHandlerMethodAdapter.java:85)
	at org.springframework.web.servlet.DispatcherServlet.doDispatch(DispatcherServlet.java:967)
	at org.springframework.web.servlet.DispatcherServlet.doService(DispatcherServlet.java:901)
	at org.springframework.web.servlet.FrameworkServlet.processRequest(FrameworkServlet.java:970)
	at org.springframework.web.servlet.FrameworkServlet.doGet(FrameworkServlet.java:861)
	at javax.servlet.http.HttpServlet.service(HttpServlet.java:635)
	at org.springframework.web.servlet.FrameworkServlet.service(FrameworkServlet.java:846)
	at javax.servlet.http.HttpServlet.service(HttpServlet.java:742)
	at org.apache.catalina.core.ApplicationFilterChain.internalDoFilter(ApplicationFilterChain.java:231)
	at org.apache.catalina.core.ApplicationFilterChain.doFilter(ApplicationFilterChain.java:166)
	at org.apache.tomcat.websocket.server.WsFilter.doFilter(WsFilter.java:52)
	at org.apache.catalina.core.ApplicationFilterChain.internalDoFilter(ApplicationFilterChain.java:193)
	at org.apache.catalina.core.ApplicationFilterChain.doFilter(ApplicationFilterChain.java:166)
	at org.apache.shiro.web.servlet.ProxiedFilterChain.doFilter(ProxiedFilterChain.java:61)
	at org.apache.shiro.web.servlet.AdviceFilter.executeChain(AdviceFilter.java:108)
	at org.apache.shiro.web.servlet.AdviceFilter.doFilterInternal(AdviceFilter.java:137)
	at org.apache.shiro.web.servlet.OncePerRequestFilter.doFilter(OncePerRequestFilter.java:125)
	at org.apache.shiro.web.servlet.ProxiedFilterChain.doFilter(ProxiedFilterChain.java:66)
	at org.apache.shiro.web.servlet.AbstractShiroFilter.executeChain(AbstractShiroFilter.java:449)
	at org.apache.shiro.web.servlet.AbstractShiroFilter$1.call(AbstractShiroFilter.java:365)
	at org.apache.shiro.subject.support.SubjectCallable.doCall(SubjectCallable.java:90)
	at org.apache.shiro.subject.support.SubjectCallable.call(SubjectCallable.java:83)
	at org.apache.shiro.subject.support.DelegatingSubject.execute(DelegatingSubject.java:383)
	at org.apache.shiro.web.servlet.AbstractShiroFilter.doFilterInternal(AbstractShiroFilter.java:362)
	at org.apache.shiro.web.servlet.OncePerRequestFilter.doFilter(OncePerRequestFilter.java:125)
	at org.apache.catalina.core.ApplicationFilterChain.internalDoFilter(ApplicationFilterChain.java:193)
	at org.apache.catalina.core.ApplicationFilterChain.doFilter(ApplicationFilterChain.java:166)
	at org.springframework.web.filter.CharacterEncodingFilter.doFilterInternal(CharacterEncodingFilter.java:197)
	at org.springframework.web.filter.OncePerRequestFilter.doFilter(OncePerRequestFilter.java:107)
	at org.apache.catalina.core.ApplicationFilterChain.internalDoFilter(ApplicationFilterChain.java:193)
	at org.apache.catalina.core.ApplicationFilterChain.doFilter(ApplicationFilterChain.java:166)
	at org.apache.catalina.core.StandardWrapperValve.invoke(StandardWrapperValve.java:199)
	at org.apache.catalina.core.StandardContextValve.invoke(StandardContextValve.java:96)
	at org.apache.catalina.authenticator.AuthenticatorBase.invoke(AuthenticatorBase.java:478)
	at org.apache.catalina.core.StandardHostValve.invoke(StandardHostValve.java:140)
	at org.apache.catalina.valves.ErrorReportValve.invoke(ErrorReportValve.java:81)
	at org.apache.catalina.core.StandardEngineValve.invoke(StandardEngineValve.java:87)
	at org.apache.catalina.connector.CoyoteAdapter.service(CoyoteAdapter.java:342)
	at org.apache.coyote.http11.Http11Processor.service(Http11Processor.java:803)
	at org.apache.coyote.AbstractProcessorLight.process(AbstractProcessorLight.java:66)
	at org.apache.coyote.AbstractProtocol$ConnectionHandler.process(AbstractProtocol.java:868)
	at org.apache.tomcat.util.net.NioEndpoint$SocketProcessor.doRun(NioEndpoint.java:1459)
	at org.apache.tomcat.util.net.SocketProcessorBase.run(SocketProcessorBase.java:49)
	at java.util.concurrent.ThreadPoolExecutor.runWorker(ThreadPoolExecutor.java:1149)
	at java.util.concurrent.ThreadPoolExecutor$Worker.run(ThreadPoolExecutor.java:624)
	at org.apache.tomcat.util.threads.TaskThread$WrappingRunnable.run(TaskThread.java:61)
	at java.lang.Thread.run(Thread.java:748)
2020-03-03 23:38:18,684 INFO (StartupInfoLogger.java:48)- Starting PotatoApplication on LAPTOP-E91ODHAO with PID 9604 (D:\java\work\sts\potato\potato-web\target\classes started by ghw in D:\java\work\sts\potato\potato-web)
2020-03-03 23:38:18,684 INFO (SpringApplication.java:593)- No active profile set, falling back to default profiles: default
2020-03-03 23:38:23,237 INFO (StartupInfoLogger.java:57)- Started PotatoApplication in 4.631 seconds (JVM running for 64.57)
