2020-03-02 13:28:03,616 INFO (StartupInfoLogger.java:48)- Starting PotatoApplication on LAPTOP-E91ODHAO with PID 12588 (started by ghw in E:\软件\work\project\potato\potato-web)
2020-03-02 13:28:03,636 INFO (SpringApplication.java:593)- No active profile set, falling back to default profiles: default
2020-03-02 13:28:15,928 INFO (StartupInfoLogger.java:57)- Started PotatoApplication in 12.708 seconds (JVM running for 13.904)
2020-03-02 13:46:04,947 INFO (StartupInfoLogger.java:48)- Starting PotatoApplication on LAPTOP-E91ODHAO with PID 3240 (started by ghw in E:\软件\work\project\potato\potato-web)
2020-03-02 13:46:04,955 INFO (SpringApplication.java:593)- No active profile set, falling back to default profiles: default
2020-03-02 15:47:51,401 INFO (StartupInfoLogger.java:48)- Starting PotatoApplication on LAPTOP-E91ODHAO with PID 13976 (D:\java\work\sts\potato\potato-web\target\classes started by ghw in D:\java\work\sts\potato\potato-web)
2020-03-02 15:47:51,404 INFO (SpringApplication.java:593)- No active profile set, falling back to default profiles: default
2020-03-02 15:48:00,309 INFO (StartupInfoLogger.java:57)- Started PotatoApplication in 9.193 seconds (JVM running for 9.907)
2020-03-02 15:50:05,702 INFO (ErrorController.java:59)- 404,No message available
2020-03-02 15:50:08,899 INFO (ErrorController.java:59)- 404,No message available
2020-03-02 17:35:07,376 INFO (StartupInfoLogger.java:48)- Starting PotatoApplication on LAPTOP-E91ODHAO with PID 13900 (D:\java\work\sts\potato\potato-web\target\classes started by ghw in D:\java\work\sts\potato\potato-web)
2020-03-02 17:35:07,376 INFO (SpringApplication.java:593)- No active profile set, falling back to default profiles: default
2020-03-02 17:35:16,106 INFO (StartupInfoLogger.java:57)- Started PotatoApplication in 9.026 seconds (JVM running for 9.727)
2020-03-02 20:47:39,962 INFO (StartupInfoLogger.java:48)- Starting PotatoApplication on LAPTOP-E91ODHAO with PID 1668 (D:\java\work\sts\potato\potato-web\target\classes started by ghw in D:\java\work\sts\potato\potato-web)
2020-03-02 20:47:39,962 INFO (SpringApplication.java:593)- No active profile set, falling back to default profiles: default
2020-03-02 20:47:53,521 INFO (StartupInfoLogger.java:57)- Started PotatoApplication in 14.075 seconds (JVM running for 15.538)
2020-03-02 22:46:35,433 INFO (StartupInfoLogger.java:48)- Starting PotatoApplication on LAPTOP-E91ODHAO with PID 16160 (D:\java\work\sts\potato\potato-web\target\classes started by ghw in D:\java\work\sts\potato\potato-web)
2020-03-02 22:46:35,433 INFO (SpringApplication.java:593)- No active profile set, falling back to default profiles: default
2020-03-02 22:46:43,668 INFO (StartupInfoLogger.java:57)- Started PotatoApplication in 8.501 seconds (JVM running for 9.163)
2020-03-02 23:01:38,342 INFO (StartupInfoLogger.java:48)- Starting PotatoApplication on LAPTOP-E91ODHAO with PID 8820 (D:\java\work\sts\potato\potato-web\target\classes started by ghw in D:\java\work\sts\potato\potato-web)
2020-03-02 23:01:38,342 INFO (SpringApplication.java:593)- No active profile set, falling back to default profiles: default
2020-03-02 23:01:46,592 INFO (StartupInfoLogger.java:57)- Started PotatoApplication in 8.531 seconds (JVM running for 9.188)
2020-03-02 23:42:26,837 INFO (StartupInfoLogger.java:48)- Starting PotatoApplication on LAPTOP-E91ODHAO with PID 10964 (D:\java\work\sts\potato\potato-web\target\classes started by ghw in D:\java\work\sts\potato\potato-web)
2020-03-02 23:42:26,837 INFO (SpringApplication.java:593)- No active profile set, falling back to default profiles: default
2020-03-02 23:42:35,008 INFO (StartupInfoLogger.java:57)- Started PotatoApplication in 8.452 seconds (JVM running for 9.106)
2020-03-02 23:42:53,991 INFO (ErrorController.java:59)- 404,No message available
